ARM GAS  C:\Users\15892\AppData\Local\Temp\ccI3QHTV.s 			page 1


   1              		.cpu cortex-m4
   2              		.arch armv7e-m
   3              		.fpu fpv4-sp-d16
   4              		.eabi_attribute 27, 1
   5              		.eabi_attribute 28, 1
   6              		.eabi_attribute 20, 1
   7              		.eabi_attribute 21, 1
   8              		.eabi_attribute 23, 3
   9              		.eabi_attribute 24, 1
  10              		.eabi_attribute 25, 1
  11              		.eabi_attribute 26, 1
  12              		.eabi_attribute 30, 1
  13              		.eabi_attribute 34, 1
  14              		.eabi_attribute 18, 4
  15              		.file	"gpio.c"
  16              		.text
  17              	.Ltext0:
  18              		.cfi_sections	.debug_frame
  19              		.section	.text.MX_GPIO_Init,"ax",%progbits
  20              		.align	1
  21              		.global	MX_GPIO_Init
  22              		.syntax unified
  23              		.thumb
  24              		.thumb_func
  26              	MX_GPIO_Init:
  27              	.LFB132:
  28              		.file 1 "Core/Src/gpio.c"
   1:Core/Src/gpio.c **** /* USER CODE BEGIN Header */
   2:Core/Src/gpio.c **** /**
   3:Core/Src/gpio.c ****   ******************************************************************************
   4:Core/Src/gpio.c ****   * @file    gpio.c
   5:Core/Src/gpio.c ****   * @brief   This file provides code for the configuration
   6:Core/Src/gpio.c ****   *          of all used GPIO pins.
   7:Core/Src/gpio.c ****   ******************************************************************************
   8:Core/Src/gpio.c ****   * @attention
   9:Core/Src/gpio.c ****   *
  10:Core/Src/gpio.c ****   * Copyright (c) 2025 STMicroelectronics.
  11:Core/Src/gpio.c ****   * All rights reserved.
  12:Core/Src/gpio.c ****   *
  13:Core/Src/gpio.c ****   * This software is licensed under terms that can be found in the LICENSE file
  14:Core/Src/gpio.c ****   * in the root directory of this software component.
  15:Core/Src/gpio.c ****   * If no LICENSE file comes with this software, it is provided AS-IS.
  16:Core/Src/gpio.c ****   *
  17:Core/Src/gpio.c ****   ******************************************************************************
  18:Core/Src/gpio.c ****   */
  19:Core/Src/gpio.c **** /* USER CODE END Header */
  20:Core/Src/gpio.c **** 
  21:Core/Src/gpio.c **** /* Includes ------------------------------------------------------------------*/
  22:Core/Src/gpio.c **** #include "gpio.h"
  23:Core/Src/gpio.c **** 
  24:Core/Src/gpio.c **** /* USER CODE BEGIN 0 */
  25:Core/Src/gpio.c **** 
  26:Core/Src/gpio.c **** /* USER CODE END 0 */
  27:Core/Src/gpio.c **** 
  28:Core/Src/gpio.c **** /*----------------------------------------------------------------------------*/
  29:Core/Src/gpio.c **** /* Configure GPIO                                                             */
  30:Core/Src/gpio.c **** /*----------------------------------------------------------------------------*/
ARM GAS  C:\Users\15892\AppData\Local\Temp\ccI3QHTV.s 			page 2


  31:Core/Src/gpio.c **** /* USER CODE BEGIN 1 */
  32:Core/Src/gpio.c **** 
  33:Core/Src/gpio.c **** /* USER CODE END 1 */
  34:Core/Src/gpio.c **** 
  35:Core/Src/gpio.c **** /** Configure pins as
  36:Core/Src/gpio.c ****         * Analog
  37:Core/Src/gpio.c ****         * Input
  38:Core/Src/gpio.c ****         * Output
  39:Core/Src/gpio.c ****         * EVENT_OUT
  40:Core/Src/gpio.c ****         * EXTI
  41:Core/Src/gpio.c **** */
  42:Core/Src/gpio.c **** void MX_GPIO_Init(void)
  43:Core/Src/gpio.c **** {
  29              		.loc 1 43 1 view -0
  30              		.cfi_startproc
  31              		@ args = 0, pretend = 0, frame = 48
  32              		@ frame_needed = 0, uses_anonymous_args = 0
  33 0000 2DE9F041 		push	{r4, r5, r6, r7, r8, lr}
  34              	.LCFI0:
  35              		.cfi_def_cfa_offset 24
  36              		.cfi_offset 4, -24
  37              		.cfi_offset 5, -20
  38              		.cfi_offset 6, -16
  39              		.cfi_offset 7, -12
  40              		.cfi_offset 8, -8
  41              		.cfi_offset 14, -4
  42 0004 8CB0     		sub	sp, sp, #48
  43              	.LCFI1:
  44              		.cfi_def_cfa_offset 72
  44:Core/Src/gpio.c **** 
  45:Core/Src/gpio.c ****   GPIO_InitTypeDef GPIO_InitStruct = {0};
  45              		.loc 1 45 3 view .LVU1
  46              		.loc 1 45 20 is_stmt 0 view .LVU2
  47 0006 0024     		movs	r4, #0
  48 0008 0794     		str	r4, [sp, #28]
  49 000a 0894     		str	r4, [sp, #32]
  50 000c 0994     		str	r4, [sp, #36]
  51 000e 0A94     		str	r4, [sp, #40]
  52 0010 0B94     		str	r4, [sp, #44]
  46:Core/Src/gpio.c **** 
  47:Core/Src/gpio.c ****   /* GPIO Ports Clock Enable */
  48:Core/Src/gpio.c ****   __HAL_RCC_GPIOC_CLK_ENABLE();
  53              		.loc 1 48 3 is_stmt 1 view .LVU3
  54              	.LBB2:
  55              		.loc 1 48 3 view .LVU4
  56              		.loc 1 48 3 view .LVU5
  57 0012 374B     		ldr	r3, .L3
  58 0014 DA6C     		ldr	r2, [r3, #76]
  59 0016 42F00402 		orr	r2, r2, #4
  60 001a DA64     		str	r2, [r3, #76]
  61              		.loc 1 48 3 view .LVU6
  62 001c DA6C     		ldr	r2, [r3, #76]
  63 001e 02F00402 		and	r2, r2, #4
  64 0022 0192     		str	r2, [sp, #4]
  65              		.loc 1 48 3 view .LVU7
  66 0024 019A     		ldr	r2, [sp, #4]
  67              	.LBE2:
ARM GAS  C:\Users\15892\AppData\Local\Temp\ccI3QHTV.s 			page 3


  68              		.loc 1 48 3 view .LVU8
  49:Core/Src/gpio.c ****   __HAL_RCC_GPIOH_CLK_ENABLE();
  69              		.loc 1 49 3 view .LVU9
  70              	.LBB3:
  71              		.loc 1 49 3 view .LVU10
  72              		.loc 1 49 3 view .LVU11
  73 0026 DA6C     		ldr	r2, [r3, #76]
  74 0028 42F08002 		orr	r2, r2, #128
  75 002c DA64     		str	r2, [r3, #76]
  76              		.loc 1 49 3 view .LVU12
  77 002e DA6C     		ldr	r2, [r3, #76]
  78 0030 02F08002 		and	r2, r2, #128
  79 0034 0292     		str	r2, [sp, #8]
  80              		.loc 1 49 3 view .LVU13
  81 0036 029A     		ldr	r2, [sp, #8]
  82              	.LBE3:
  83              		.loc 1 49 3 view .LVU14
  50:Core/Src/gpio.c ****   __HAL_RCC_GPIOB_CLK_ENABLE();
  84              		.loc 1 50 3 view .LVU15
  85              	.LBB4:
  86              		.loc 1 50 3 view .LVU16
  87              		.loc 1 50 3 view .LVU17
  88 0038 DA6C     		ldr	r2, [r3, #76]
  89 003a 42F00202 		orr	r2, r2, #2
  90 003e DA64     		str	r2, [r3, #76]
  91              		.loc 1 50 3 view .LVU18
  92 0040 DA6C     		ldr	r2, [r3, #76]
  93 0042 02F00202 		and	r2, r2, #2
  94 0046 0392     		str	r2, [sp, #12]
  95              		.loc 1 50 3 view .LVU19
  96 0048 039A     		ldr	r2, [sp, #12]
  97              	.LBE4:
  98              		.loc 1 50 3 view .LVU20
  51:Core/Src/gpio.c ****   __HAL_RCC_GPIOE_CLK_ENABLE();
  99              		.loc 1 51 3 view .LVU21
 100              	.LBB5:
 101              		.loc 1 51 3 view .LVU22
 102              		.loc 1 51 3 view .LVU23
 103 004a DA6C     		ldr	r2, [r3, #76]
 104 004c 42F01002 		orr	r2, r2, #16
 105 0050 DA64     		str	r2, [r3, #76]
 106              		.loc 1 51 3 view .LVU24
 107 0052 DA6C     		ldr	r2, [r3, #76]
 108 0054 02F01002 		and	r2, r2, #16
 109 0058 0492     		str	r2, [sp, #16]
 110              		.loc 1 51 3 view .LVU25
 111 005a 049A     		ldr	r2, [sp, #16]
 112              	.LBE5:
 113              		.loc 1 51 3 view .LVU26
  52:Core/Src/gpio.c ****   __HAL_RCC_GPIOD_CLK_ENABLE();
 114              		.loc 1 52 3 view .LVU27
 115              	.LBB6:
 116              		.loc 1 52 3 view .LVU28
 117              		.loc 1 52 3 view .LVU29
 118 005c DA6C     		ldr	r2, [r3, #76]
 119 005e 42F00802 		orr	r2, r2, #8
 120 0062 DA64     		str	r2, [r3, #76]
ARM GAS  C:\Users\15892\AppData\Local\Temp\ccI3QHTV.s 			page 4


 121              		.loc 1 52 3 view .LVU30
 122 0064 DA6C     		ldr	r2, [r3, #76]
 123 0066 02F00802 		and	r2, r2, #8
 124 006a 0592     		str	r2, [sp, #20]
 125              		.loc 1 52 3 view .LVU31
 126 006c 059A     		ldr	r2, [sp, #20]
 127              	.LBE6:
 128              		.loc 1 52 3 view .LVU32
  53:Core/Src/gpio.c ****   __HAL_RCC_GPIOA_CLK_ENABLE();
 129              		.loc 1 53 3 view .LVU33
 130              	.LBB7:
 131              		.loc 1 53 3 view .LVU34
 132              		.loc 1 53 3 view .LVU35
 133 006e DA6C     		ldr	r2, [r3, #76]
 134 0070 42F00102 		orr	r2, r2, #1
 135 0074 DA64     		str	r2, [r3, #76]
 136              		.loc 1 53 3 view .LVU36
 137 0076 DB6C     		ldr	r3, [r3, #76]
 138 0078 03F00103 		and	r3, r3, #1
 139 007c 0693     		str	r3, [sp, #24]
 140              		.loc 1 53 3 view .LVU37
 141 007e 069B     		ldr	r3, [sp, #24]
 142              	.LBE7:
 143              		.loc 1 53 3 view .LVU38
  54:Core/Src/gpio.c **** 
  55:Core/Src/gpio.c ****   /*Configure GPIO pin Output Level */
  56:Core/Src/gpio.c ****   HAL_GPIO_WritePin(BEEP_GPIO_Port, BEEP_Pin, GPIO_PIN_RESET);
 144              		.loc 1 56 3 view .LVU39
 145 0080 DFF87C80 		ldr	r8, .L3+16
 146 0084 2246     		mov	r2, r4
 147 0086 0421     		movs	r1, #4
 148 0088 4046     		mov	r0, r8
 149 008a FFF7FEFF 		bl	HAL_GPIO_WritePin
 150              	.LVL0:
  57:Core/Src/gpio.c **** 
  58:Core/Src/gpio.c ****   /*Configure GPIO pin Output Level */
  59:Core/Src/gpio.c ****   HAL_GPIO_WritePin(GPIOE, LED0_Pin|LED1_Pin|LED2_Pin, GPIO_PIN_SET);
 151              		.loc 1 59 3 view .LVU40
 152 008e 194F     		ldr	r7, .L3+4
 153 0090 0122     		movs	r2, #1
 154 0092 4FF46071 		mov	r1, #896
 155 0096 3846     		mov	r0, r7
 156 0098 FFF7FEFF 		bl	HAL_GPIO_WritePin
 157              	.LVL1:
  60:Core/Src/gpio.c **** 
  61:Core/Src/gpio.c ****   /*Configure GPIO pin : PtPin */
  62:Core/Src/gpio.c ****   GPIO_InitStruct.Pin = WK_UP_Pin;
 158              		.loc 1 62 3 view .LVU41
 159              		.loc 1 62 23 is_stmt 0 view .LVU42
 160 009c 4FF40053 		mov	r3, #8192
 161 00a0 0793     		str	r3, [sp, #28]
  63:Core/Src/gpio.c ****   GPIO_InitStruct.Mode = GPIO_MODE_INPUT;
 162              		.loc 1 63 3 is_stmt 1 view .LVU43
 163              		.loc 1 63 24 is_stmt 0 view .LVU44
 164 00a2 0894     		str	r4, [sp, #32]
  64:Core/Src/gpio.c ****   GPIO_InitStruct.Pull = GPIO_PULLUP;
 165              		.loc 1 64 3 is_stmt 1 view .LVU45
ARM GAS  C:\Users\15892\AppData\Local\Temp\ccI3QHTV.s 			page 5


 166              		.loc 1 64 24 is_stmt 0 view .LVU46
 167 00a4 0125     		movs	r5, #1
 168 00a6 0995     		str	r5, [sp, #36]
  65:Core/Src/gpio.c ****   HAL_GPIO_Init(WK_UP_GPIO_Port, &GPIO_InitStruct);
 169              		.loc 1 65 3 is_stmt 1 view .LVU47
 170 00a8 07A9     		add	r1, sp, #28
 171 00aa 1348     		ldr	r0, .L3+8
 172 00ac FFF7FEFF 		bl	HAL_GPIO_Init
 173              	.LVL2:
  66:Core/Src/gpio.c **** 
  67:Core/Src/gpio.c ****   /*Configure GPIO pin : PtPin */
  68:Core/Src/gpio.c ****   GPIO_InitStruct.Pin = BEEP_Pin;
 174              		.loc 1 68 3 view .LVU48
 175              		.loc 1 68 23 is_stmt 0 view .LVU49
 176 00b0 0423     		movs	r3, #4
 177 00b2 0793     		str	r3, [sp, #28]
  69:Core/Src/gpio.c ****   GPIO_InitStruct.Mode = GPIO_MODE_OUTPUT_PP;
 178              		.loc 1 69 3 is_stmt 1 view .LVU50
 179              		.loc 1 69 24 is_stmt 0 view .LVU51
 180 00b4 0895     		str	r5, [sp, #32]
  70:Core/Src/gpio.c ****   GPIO_InitStruct.Pull = GPIO_PULLUP;
 181              		.loc 1 70 3 is_stmt 1 view .LVU52
 182              		.loc 1 70 24 is_stmt 0 view .LVU53
 183 00b6 0995     		str	r5, [sp, #36]
  71:Core/Src/gpio.c ****   GPIO_InitStruct.Speed = GPIO_SPEED_FREQ_HIGH;
 184              		.loc 1 71 3 is_stmt 1 view .LVU54
 185              		.loc 1 71 25 is_stmt 0 view .LVU55
 186 00b8 0226     		movs	r6, #2
 187 00ba 0A96     		str	r6, [sp, #40]
  72:Core/Src/gpio.c ****   HAL_GPIO_Init(BEEP_GPIO_Port, &GPIO_InitStruct);
 188              		.loc 1 72 3 is_stmt 1 view .LVU56
 189 00bc 07A9     		add	r1, sp, #28
 190 00be 4046     		mov	r0, r8
 191 00c0 FFF7FEFF 		bl	HAL_GPIO_Init
 192              	.LVL3:
  73:Core/Src/gpio.c **** 
  74:Core/Src/gpio.c ****   /*Configure GPIO pins : PEPin PEPin PEPin */
  75:Core/Src/gpio.c ****   GPIO_InitStruct.Pin = LED0_Pin|LED1_Pin|LED2_Pin;
 193              		.loc 1 75 3 view .LVU57
 194              		.loc 1 75 23 is_stmt 0 view .LVU58
 195 00c4 4FF46073 		mov	r3, #896
 196 00c8 0793     		str	r3, [sp, #28]
  76:Core/Src/gpio.c ****   GPIO_InitStruct.Mode = GPIO_MODE_OUTPUT_PP;
 197              		.loc 1 76 3 is_stmt 1 view .LVU59
 198              		.loc 1 76 24 is_stmt 0 view .LVU60
 199 00ca 0895     		str	r5, [sp, #32]
  77:Core/Src/gpio.c ****   GPIO_InitStruct.Pull = GPIO_PULLUP;
 200              		.loc 1 77 3 is_stmt 1 view .LVU61
 201              		.loc 1 77 24 is_stmt 0 view .LVU62
 202 00cc 0995     		str	r5, [sp, #36]
  78:Core/Src/gpio.c ****   GPIO_InitStruct.Speed = GPIO_SPEED_FREQ_HIGH;
 203              		.loc 1 78 3 is_stmt 1 view .LVU63
 204              		.loc 1 78 25 is_stmt 0 view .LVU64
 205 00ce 0A96     		str	r6, [sp, #40]
  79:Core/Src/gpio.c ****   HAL_GPIO_Init(GPIOE, &GPIO_InitStruct);
 206              		.loc 1 79 3 is_stmt 1 view .LVU65
 207 00d0 07A9     		add	r1, sp, #28
ARM GAS  C:\Users\15892\AppData\Local\Temp\ccI3QHTV.s 			page 6


 208 00d2 3846     		mov	r0, r7
 209 00d4 FFF7FEFF 		bl	HAL_GPIO_Init
 210              	.LVL4:
  80:Core/Src/gpio.c **** 
  81:Core/Src/gpio.c ****   /*Configure GPIO pins : PDPin PDPin PDPin */
  82:Core/Src/gpio.c ****   GPIO_InitStruct.Pin = KEY2_Pin|KEY1_Pin|KEY0_Pin;
 211              		.loc 1 82 3 view .LVU66
 212              		.loc 1 82 23 is_stmt 0 view .LVU67
 213 00d8 4FF4E063 		mov	r3, #1792
 214 00dc 0793     		str	r3, [sp, #28]
  83:Core/Src/gpio.c ****   GPIO_InitStruct.Mode = GPIO_MODE_INPUT;
 215              		.loc 1 83 3 is_stmt 1 view .LVU68
 216              		.loc 1 83 24 is_stmt 0 view .LVU69
 217 00de 0894     		str	r4, [sp, #32]
  84:Core/Src/gpio.c ****   GPIO_InitStruct.Pull = GPIO_PULLDOWN;
 218              		.loc 1 84 3 is_stmt 1 view .LVU70
 219              		.loc 1 84 24 is_stmt 0 view .LVU71
 220 00e0 0996     		str	r6, [sp, #36]
  85:Core/Src/gpio.c ****   HAL_GPIO_Init(GPIOD, &GPIO_InitStruct);
 221              		.loc 1 85 3 is_stmt 1 view .LVU72
 222 00e2 07A9     		add	r1, sp, #28
 223 00e4 0548     		ldr	r0, .L3+12
 224 00e6 FFF7FEFF 		bl	HAL_GPIO_Init
 225              	.LVL5:
  86:Core/Src/gpio.c **** 
  87:Core/Src/gpio.c **** }
 226              		.loc 1 87 1 is_stmt 0 view .LVU73
 227 00ea 0CB0     		add	sp, sp, #48
 228              	.LCFI2:
 229              		.cfi_def_cfa_offset 24
 230              		@ sp needed
 231 00ec BDE8F081 		pop	{r4, r5, r6, r7, r8, pc}
 232              	.L4:
 233              		.align	2
 234              	.L3:
 235 00f0 00100240 		.word	1073876992
 236 00f4 00100048 		.word	1207963648
 237 00f8 00080048 		.word	1207961600
 238 00fc 000C0048 		.word	1207962624
 239 0100 00040048 		.word	1207960576
 240              		.cfi_endproc
 241              	.LFE132:
 243              		.text
 244              	.Letext0:
 245              		.file 2 "d:\\env-windows\\tools\\gnu_gcc\\arm_gcc\\mingw\\arm-none-eabi\\include\\machine\\_defaul
 246              		.file 3 "d:\\env-windows\\tools\\gnu_gcc\\arm_gcc\\mingw\\arm-none-eabi\\include\\sys\\_stdint.h"
 247              		.file 4 "Drivers/CMSIS/Device/ST/STM32L4xx/Include/stm32l475xx.h"
 248              		.file 5 "Drivers/STM32L4xx_HAL_Driver/Inc/stm32l4xx_hal_gpio.h"
ARM GAS  C:\Users\15892\AppData\Local\Temp\ccI3QHTV.s 			page 7


DEFINED SYMBOLS
                            *ABS*:00000000 gpio.c
C:\Users\15892\AppData\Local\Temp\ccI3QHTV.s:20     .text.MX_GPIO_Init:00000000 $t
C:\Users\15892\AppData\Local\Temp\ccI3QHTV.s:26     .text.MX_GPIO_Init:00000000 MX_GPIO_Init
C:\Users\15892\AppData\Local\Temp\ccI3QHTV.s:235    .text.MX_GPIO_Init:000000f0 $d

UNDEFINED SYMBOLS
HAL_GPIO_WritePin
HAL_GPIO_Init
